#
# There is insufficient memory for the Java Runtime Environment to continue.
# Native memory allocation (malloc) failed to allocate 1186176 bytes for Chunk::new
# Possible reasons:
#   The system is out of physical RAM or swap space
#   The process is running with CompressedOops enabled, and the Java Heap may be blocking the growth of the native heap
# Possible solutions:
#   Reduce memory load on the system
#   Increase physical memory or swap space
#   Check if swap backing store is full
#   Decrease Java heap size (-Xmx/-Xms)
#   Decrease number of Java threads
#   Decrease Java thread stack sizes (-Xss)
#   Set larger code cache with -XX:ReservedCodeCacheSize=
#   JVM is running with Unscaled Compressed Oops mode in which the Java heap is
#     placed in the first 4GB address space. The Java Heap base address is the
#     maximum limit for the native heap growth. Please use -XX:HeapBaseMinAddress
#     to set the Java Heap base and to place the Java Heap above 4GB virtual address.
# This output file may be truncated or incomplete.
#
#  Out of Memory Error (arena.cpp:189), pid=2500, tid=11020
#
# JRE version: Java(TM) SE Runtime Environment (17.0.4.1+1) (build 17.0.4.1+1-LTS-2)
# Java VM: Java HotSpot(TM) 64-Bit Server VM (17.0.4.1+1-LTS-2, mixed mode, sharing, tiered, compressed oops, compressed class ptrs, g1 gc, windows-amd64)
# No core dump will be written. Minidumps are not enabled by default on client versions of Windows
#

---------------  S U M M A R Y ------------

Command Line: -Dclassworlds.conf=C:\Program Files\netbeans\java\maven\bin\..\bin\m2.conf -Dmaven.home=C:\Program Files\netbeans\java\maven\bin\.. -Dlibrary.jansi.path=C:\Program Files\netbeans\java\maven\bin\..\lib\jansi-native -Dmaven.multiModuleProjectDirectory=C:\Users\chabd\OneDrive\Documents\NetBeansProjects\WorkingProj org.codehaus.plexus.classworlds.launcher.Launcher -Dexec.vmArgs= -Dexec.args=${exec.vmArgs} -classpath %classpath ${exec.mainClass} ${exec.appArgs} -Dexec.executable=C:\Program Files\Java\jdk-17.0.4.1\bin\java.exe -Dexec.mainClass=GUI.SelectAdminFields -Dexec.classpathScope=runtime -Dexec.appArgs= -Dmaven.ext.class.path=C:\Program Files\netbeans\java\maven-nblib\netbeans-eventspy.jar -Dfile.encoding=UTF-8 org.codehaus.mojo:exec-maven-plugin:3.0.0:exec

Host: Intel(R) Core(TM)2 Duo CPU     E8600  @ 3.33GHz, 2 cores, 3G,  Windows 10 , 64 bit Build 19041 (10.0.19041.1889)
Time: Mon Sep 12 00:16:27 2022 Pakistan Standard Time elapsed time: 5.486408 seconds (0d 0h 0m 5s)

---------------  T H R E A D  ---------------

Current thread (0x000001df50dc1f00):  JavaThread "C2 CompilerThread0" daemon [_thread_in_native, id=11020, stack(0x000000901fc00000,0x000000901fd00000)]


Current CompileTask:
C2:   5486 3029       4       org.apache.maven.model.interpolation.StringVisitorModelInterpolator$ModelVisitor::visit (117 bytes)

Stack: [0x000000901fc00000,0x000000901fd00000]
Native frames: (J=compiled Java code, j=interpreted, Vv=VM code, C=native code)
V  [jvm.dll+0x6723ba]
V  [jvm.dll+0x7d1e34]
V  [jvm.dll+0x7d35de]
V  [jvm.dll+0x7d3c43]
V  [jvm.dll+0x243065]
V  [jvm.dll+0xaa57b]
V  [jvm.dll+0xaab0c]
V  [jvm.dll+0x2a9dcf]
V  [jvm.dll+0x57a7f7]
V  [jvm.dll+0x21e342]
V  [jvm.dll+0x21e71f]
V  [jvm.dll+0x217ff5]
V  [jvm.dll+0x2154bb]
V  [jvm.dll+0x1a1fcd]
V  [jvm.dll+0x224e08]
V  [jvm.dll+0x222f75]
V  [jvm.dll+0x787a0b]
V  [jvm.dll+0x781fca]
V  [jvm.dll+0x671245]
C  [ucrtbase.dll+0x21bb2]
C  [KERNEL32.DLL+0x17034]
C  [ntdll.dll+0x52651]


---------------  P R O C E S S  ---------------

Threads class SMR info:
_java_thread_list=0x000001df6e42a790, length=12, elements={
0x000001df50ccb210, 0x000001df50da5e10, 0x000001df50da6f40, 0x000001df50dbd5c0,
0x000001df50dbeca0, 0x000001df50dc1180, 0x000001df50dc1650, 0x000001df50dc1f00,
0x000001df50dc9850, 0x000001df50dce960, 0x000001df6e44fbe0, 0x000001df6e4528e0
}

Java Threads: ( => current thread )
  0x000001df50ccb210 JavaThread "main" [_thread_in_vm, id=2124, stack(0x000000901ef00000,0x000000901f000000)]
  0x000001df50da5e10 JavaThread "Reference Handler" daemon [_thread_blocked, id=12196, stack(0x000000901f600000,0x000000901f700000)]
  0x000001df50da6f40 JavaThread "Finalizer" daemon [_thread_blocked, id=3884, stack(0x000000901f700000,0x000000901f800000)]
  0x000001df50dbd5c0 JavaThread "Signal Dispatcher" daemon [_thread_blocked, id=8328, stack(0x000000901f800000,0x000000901f900000)]
  0x000001df50dbeca0 JavaThread "Attach Listener" daemon [_thread_blocked, id=7924, stack(0x000000901f900000,0x000000901fa00000)]
  0x000001df50dc1180 JavaThread "Service Thread" daemon [_thread_blocked, id=7064, stack(0x000000901fa00000,0x000000901fb00000)]
  0x000001df50dc1650 JavaThread "Monitor Deflation Thread" daemon [_thread_blocked, id=5356, stack(0x000000901fb00000,0x000000901fc00000)]
=>0x000001df50dc1f00 JavaThread "C2 CompilerThread0" daemon [_thread_in_native, id=11020, stack(0x000000901fc00000,0x000000901fd00000)]
  0x000001df50dc9850 JavaThread "C1 CompilerThread0" daemon [_thread_blocked, id=6860, stack(0x000000901fd00000,0x000000901fe00000)]
  0x000001df50dce960 JavaThread "Sweeper thread" daemon [_thread_blocked, id=7996, stack(0x000000901fe00000,0x000000901ff00000)]
  0x000001df6e44fbe0 JavaThread "Notification Thread" daemon [_thread_blocked, id=7908, stack(0x000000901ff00000,0x0000009020000000)]
  0x000001df6e4528e0 JavaThread "Common-Cleaner" daemon [_thread_blocked, id=1580, stack(0x0000009020100000,0x0000009020200000)]

Other Threads:
  0x000001df50da0760 VMThread "VM Thread" [stack: 0x000000901f500000,0x000000901f600000] [id=11768]
  0x000001df50d3ec60 WatcherThread [stack: 0x0000009020000000,0x0000009020100000] [id=4584]
  0x000001df50d2b3f0 GCTaskThread "GC Thread#0" [stack: 0x000000901f000000,0x000000901f100000] [id=7192]
  0x000001df6e6e63f0 GCTaskThread "GC Thread#1" [stack: 0x0000009020200000,0x0000009020300000] [id=8176]
  0x000001df50d34f50 ConcurrentGCThread "G1 Main Marker" [stack: 0x000000901f100000,0x000000901f200000] [id=1400]
  0x000001df50d35870 ConcurrentGCThread "G1 Conc#0" [stack: 0x000000901f200000,0x000000901f300000] [id=6224]
  0x000001df50d7fdf0 ConcurrentGCThread "G1 Refine#0" [stack: 0x000000901f300000,0x000000901f400000] [id=5556]
  0x000001df50d80720 ConcurrentGCThread "G1 Service" [stack: 0x000000901f400000,0x000000901f500000] [id=9624]

Threads with active compile tasks:
C2 CompilerThread0     5536 3029       4       org.apache.maven.model.interpolation.StringVisitorModelInterpolator$ModelVisitor::visit (117 bytes)

VM state: not at safepoint (normal execution)

VM Mutex/Monitor currently owned by a thread: None

Heap address: 0x00000000c1800000, size: 1000 MB, Compressed Oops mode: 32-bit

CDS archive(s) mapped at: [0x0000000800000000-0x0000000800bc0000-0x0000000800bc0000), size 12320768, SharedBaseAddress: 0x0000000800000000, ArchiveRelocationMode: 0.
Compressed class space mapped at: 0x0000000800c00000-0x0000000840c00000, reserved size: 1073741824
Narrow klass base: 0x0000000800000000, Narrow klass shift: 0, Narrow klass range: 0x100000000

GC Precious Log:
 CPUs: 2 total, 2 available
 Memory: 3995M
 Large Page Support: Disabled
 NUMA Support: Disabled
 Compressed Oops: Enabled (32-bit)
 Heap Region Size: 1M
 Heap Min Capacity: 8M
 Heap Initial Capacity: 64M
 Heap Max Capacity: 1000M
 Pre-touch: Disabled
 Parallel Workers: 2
 Concurrent Workers: 1
 Concurrent Refinement Workers: 2
 Periodic GC: Disabled

Heap:
 garbage-first heap   total 65536K, used 15338K [0x00000000c1800000, 0x0000000100000000)
  region size 1024K, 13 young (13312K), 5 survivors (5120K)
 Metaspace       used 13154K, committed 13376K, reserved 1064960K
  class space    used 1482K, committed 1600K, reserved 1048576K

Heap Regions: E=young(eden), S=young(survivor), O=old, HS=humongous(starts), HC=humongous(continues), CS=collection set, F=free, OA=open archive, CA=closed archive, TAMS=top-at-mark-start (previous, next)
|   0|0x00000000c1800000, 0x00000000c1900000, 0x00000000c1900000|100%| O|  |TAMS 0x00000000c1800000, 0x00000000c1800000| Untracked 
|   1|0x00000000c1900000, 0x00000000c1a00000, 0x00000000c1a00000|100%| O|  |TAMS 0x00000000c1900000, 0x00000000c1900000| Untracked 
|   2|0x00000000c1a00000, 0x00000000c1b00000, 0x00000000c1b00000|100%| O|  |TAMS 0x00000000c1a00000, 0x00000000c1a00000| Untracked 
|   3|0x00000000c1b00000, 0x00000000c1b62e00, 0x00000000c1c00000| 38%| O|  |TAMS 0x00000000c1b00000, 0x00000000c1b00000| Untracked 
|   4|0x00000000c1c00000, 0x00000000c1c00000, 0x00000000c1d00000|  0%| F|  |TAMS 0x00000000c1c00000, 0x00000000c1c00000| Untracked 
|   5|0x00000000c1d00000, 0x00000000c1d00000, 0x00000000c1e00000|  0%| F|  |TAMS 0x00000000c1d00000, 0x00000000c1d00000| Untracked 
|   6|0x00000000c1e00000, 0x00000000c1e00000, 0x00000000c1f00000|  0%| F|  |TAMS 0x00000000c1e00000, 0x00000000c1e00000| Untracked 
|   7|0x00000000c1f00000, 0x00000000c1f00000, 0x00000000c2000000|  0%| F|  |TAMS 0x00000000c1f00000, 0x00000000c1f00000| Untracked 
|   8|0x00000000c2000000, 0x00000000c2000000, 0x00000000c2100000|  0%| F|  |TAMS 0x00000000c2000000, 0x00000000c2000000| Untracked 
|   9|0x00000000c2100000, 0x00000000c2100000, 0x00000000c2200000|  0%| F|  |TAMS 0x00000000c2100000, 0x00000000c2100000| Untracked 
|  10|0x00000000c2200000, 0x00000000c2200000, 0x00000000c2300000|  0%| F|  |TAMS 0x00000000c2200000, 0x00000000c2200000| Untracked 
|  11|0x00000000c2300000, 0x00000000c2300000, 0x00000000c2400000|  0%| F|  |TAMS 0x00000000c2300000, 0x00000000c2300000| Untracked 
|  12|0x00000000c2400000, 0x00000000c2400000, 0x00000000c2500000|  0%| F|  |TAMS 0x00000000c2400000, 0x00000000c2400000| Untracked 
|  13|0x00000000c2500000, 0x00000000c2500000, 0x00000000c2600000|  0%| F|  |TAMS 0x00000000c2500000, 0x00000000c2500000| Untracked 
|  14|0x00000000c2600000, 0x00000000c2600000, 0x00000000c2700000|  0%| F|  |TAMS 0x00000000c2600000, 0x00000000c2600000| Untracked 
|  15|0x00000000c2700000, 0x00000000c2700000, 0x00000000c2800000|  0%| F|  |TAMS 0x00000000c2700000, 0x00000000c2700000| Untracked 
|  16|0x00000000c2800000, 0x00000000c2800000, 0x00000000c2900000|  0%| F|  |TAMS 0x00000000c2800000, 0x00000000c2800000| Untracked 
|  17|0x00000000c2900000, 0x00000000c2900000, 0x00000000c2a00000|  0%| F|  |TAMS 0x00000000c2900000, 0x00000000c2900000| Untracked 
|  18|0x00000000c2a00000, 0x00000000c2a00000, 0x00000000c2b00000|  0%| F|  |TAMS 0x00000000c2a00000, 0x00000000c2a00000| Untracked 
|  19|0x00000000c2b00000, 0x00000000c2b00000, 0x00000000c2c00000|  0%| F|  |TAMS 0x00000000c2b00000, 0x00000000c2b00000| Untracked 
|  20|0x00000000c2c00000, 0x00000000c2c00000, 0x00000000c2d00000|  0%| F|  |TAMS 0x00000000c2c00000, 0x00000000c2c00000| Untracked 
|  21|0x00000000c2d00000, 0x00000000c2d97bf0, 0x00000000c2e00000| 59%| S|CS|TAMS 0x00000000c2d00000, 0x00000000c2d00000| Complete 
|  22|0x00000000c2e00000, 0x00000000c2e00000, 0x00000000c2f00000|  0%| F|  |TAMS 0x00000000c2e00000, 0x00000000c2e00000| Untracked 
|  23|0x00000000c2f00000, 0x00000000c2f00000, 0x00000000c3000000|  0%| F|  |TAMS 0x00000000c2f00000, 0x00000000c2f00000| Untracked 
|  24|0x00000000c3000000, 0x00000000c3000000, 0x00000000c3100000|  0%| F|  |TAMS 0x00000000c3000000, 0x00000000c3000000| Untracked 
|  25|0x00000000c3100000, 0x00000000c3100000, 0x00000000c3200000|  0%| F|  |TAMS 0x00000000c3100000, 0x00000000c3100000| Untracked 
|  26|0x00000000c3200000, 0x00000000c3300000, 0x00000000c3300000|100%| S|CS|TAMS 0x00000000c3200000, 0x00000000c3200000| Complete 
|  27|0x00000000c3300000, 0x00000000c3400000, 0x00000000c3400000|100%| S|CS|TAMS 0x00000000c3300000, 0x00000000c3300000| Complete 
|  28|0x00000000c3400000, 0x00000000c3500000, 0x00000000c3500000|100%| S|CS|TAMS 0x00000000c3400000, 0x00000000c3400000| Complete 
|  29|0x00000000c3500000, 0x00000000c3600000, 0x00000000c3600000|100%| S|CS|TAMS 0x00000000c3500000, 0x00000000c3500000| Complete 
|  30|0x00000000c3600000, 0x00000000c3600000, 0x00000000c3700000|  0%| F|  |TAMS 0x00000000c3600000, 0x00000000c3600000| Untracked 
|  31|0x00000000c3700000, 0x00000000c3700000, 0x00000000c3800000|  0%| F|  |TAMS 0x00000000c3700000, 0x00000000c3700000| Untracked 
|  32|0x00000000c3800000, 0x00000000c3800000, 0x00000000c3900000|  0%| F|  |TAMS 0x00000000c3800000, 0x00000000c3800000| Untracked 
|  33|0x00000000c3900000, 0x00000000c3900000, 0x00000000c3a00000|  0%| F|  |TAMS 0x00000000c3900000, 0x00000000c3900000| Untracked 
|  34|0x00000000c3a00000, 0x00000000c3a00000, 0x00000000c3b00000|  0%| F|  |TAMS 0x00000000c3a00000, 0x00000000c3a00000| Untracked 
|  35|0x00000000c3b00000, 0x00000000c3b00000, 0x00000000c3c00000|  0%| F|  |TAMS 0x00000000c3b00000, 0x00000000c3b00000| Untracked 
|  36|0x00000000c3c00000, 0x00000000c3c00000, 0x00000000c3d00000|  0%| F|  |TAMS 0x00000000c3c00000, 0x00000000c3c00000| Untracked 
|  37|0x00000000c3d00000, 0x00000000c3d00000, 0x00000000c3e00000|  0%| F|  |TAMS 0x00000000c3d00000, 0x00000000c3d00000| Untracked 
|  38|0x00000000c3e00000, 0x00000000c3e00000, 0x00000000c3f00000|  0%| F|  |TAMS 0x00000000c3e00000, 0x00000000c3e00000| Untracked 
|  39|0x00000000c3f00000, 0x00000000c3f00000, 0x00000000c4000000|  0%| F|  |TAMS 0x00000000c3f00000, 0x00000000c3f00000| Untracked 
|  40|0x00000000c4000000, 0x00000000c4000000, 0x00000000c4100000|  0%| F|  |TAMS 0x00000000c4000000, 0x00000000c4000000| Untracked 
|  41|0x00000000c4100000, 0x00000000c4100000, 0x00000000c4200000|  0%| F|  |TAMS 0x00000000c4100000, 0x00000000c4100000| Untracked 
|  42|0x00000000c4200000, 0x00000000c4200000, 0x00000000c4300000|  0%| F|  |TAMS 0x00000000c4200000, 0x00000000c4200000| Untracked 
|  43|0x00000000c4300000, 0x00000000c4300000, 0x00000000c4400000|  0%| F|  |TAMS 0x00000000c4300000, 0x00000000c4300000| Untracked 
|  44|0x00000000c4400000, 0x00000000c4400000, 0x00000000c4500000|  0%| F|  |TAMS 0x00000000c4400000, 0x00000000c4400000| Untracked 
|  45|0x00000000c4500000, 0x00000000c4500000, 0x00000000c4600000|  0%| F|  |TAMS 0x00000000c4500000, 0x00000000c4500000| Untracked 
|  46|0x00000000c4600000, 0x00000000c4600000, 0x00000000c4700000|  0%| F|  |TAMS 0x00000000c4600000, 0x00000000c4600000| Untracked 
|  47|0x00000000c4700000, 0x00000000c4700000, 0x00000000c4800000|  0%| F|  |TAMS 0x00000000c4700000, 0x00000000c4700000| Untracked 
|  48|0x00000000c4800000, 0x00000000c4800000, 0x00000000c4900000|  0%| F|  |TAMS 0x00000000c4800000, 0x00000000c4800000| Untracked 
|  49|0x00000000c4900000, 0x00000000c4900000, 0x00000000c4a00000|  0%| F|  |TAMS 0x00000000c4900000, 0x00000000c4900000| Untracked 
|  50|0x00000000c4a00000, 0x00000000c4a00000, 0x00000000c4b00000|  0%| F|  |TAMS 0x00000000c4a00000, 0x00000000c4a00000| Untracked 
|  51|0x00000000c4b00000, 0x00000000c4b00000, 0x00000000c4c00000|  0%| F|  |TAMS 0x00000000c4b00000, 0x00000000c4b00000| Untracked 
|  52|0x00000000c4c00000, 0x00000000c4c00000, 0x00000000c4d00000|  0%| F|  |TAMS 0x00000000c4c00000, 0x00000000c4c00000| Untracked 
|  53|0x00000000c4d00000, 0x00000000c4d00000, 0x00000000c4e00000|  0%| F|  |TAMS 0x00000000c4d00000, 0x00000000c4d00000| Untracked 
|  54|0x00000000c4e00000, 0x00000000c4e00000, 0x00000000c4f00000|  0%| F|  |TAMS 0x00000000c4e00000, 0x00000000c4e00000| Untracked 
|  55|0x00000000c4f00000, 0x00000000c4f00000, 0x00000000c5000000|  0%| F|  |TAMS 0x00000000c4f00000, 0x00000000c4f00000| Untracked 
|  56|0x00000000c5000000, 0x00000000c5080800, 0x00000000c5100000| 50%| E|  |TAMS 0x00000000c5000000, 0x00000000c5000000| Complete 
|  57|0x00000000c5100000, 0x00000000c5200000, 0x00000000c5200000|100%| E|CS|TAMS 0x00000000c5100000, 0x00000000c5100000| Complete 
|  58|0x00000000c5200000, 0x00000000c5300000, 0x00000000c5300000|100%| E|CS|TAMS 0x00000000c5200000, 0x00000000c5200000| Complete 
|  59|0x00000000c5300000, 0x00000000c5400000, 0x00000000c5400000|100%| E|CS|TAMS 0x00000000c5300000, 0x00000000c5300000| Complete 
|  60|0x00000000c5400000, 0x00000000c5500000, 0x00000000c5500000|100%| E|CS|TAMS 0x00000000c5400000, 0x00000000c5400000| Complete 
|  61|0x00000000c5500000, 0x00000000c5600000, 0x00000000c5600000|100%| E|CS|TAMS 0x00000000c5500000, 0x00000000c5500000| Complete 
|  62|0x00000000c5600000, 0x00000000c5700000, 0x00000000c5700000|100%| E|CS|TAMS 0x00000000c5600000, 0x00000000c5600000| Complete 
|  63|0x00000000c5700000, 0x00000000c5800000, 0x00000000c5800000|100%| E|CS|TAMS 0x00000000c5700000, 0x00000000c5700000| Complete 

Card table byte_map: [0x000001df69340000,0x000001df69540000] _byte_map_base: 0x000001df68d34000

Marking Bits (Prev, Next): (CMBitMap*) 0x000001df50d2c920, (CMBitMap*) 0x000001df50d2c960
 Prev Bits: [0x000001df69740000, 0x000001df6a6e0000)
 Next Bits: [0x000001df6a6e0000, 0x000001df6b680000)

Polling page: 0x000001df50b30000

Metaspace:

Usage:
  Non-class:     11.40 MB used.
      Class:      1.45 MB used.
       Both:     12.85 MB used.

Virtual space:
  Non-class space:       16.00 MB reserved,      11.50 MB ( 72%) committed,  2 nodes.
      Class space:        1.00 GB reserved,       1.56 MB ( <1%) committed,  1 nodes.
             Both:        1.02 GB reserved,      13.06 MB (  1%) committed. 

Chunk freelists:
   Non-Class:  3.27 MB
       Class:  2.50 MB
        Both:  5.76 MB

MaxMetaspaceSize: unlimited
CompressedClassSpaceSize: 1.00 GB
Initial GC threshold: 21.00 MB
Current GC threshold: 21.00 MB
CDS: on
MetaspaceReclaimPolicy: balanced
 - commit_granule_bytes: 65536.
 - commit_granule_words: 8192.
 - virtual_space_node_default_size: 1048576.
 - enlarge_chunks_in_place: 1.
 - new_chunks_are_fully_committed: 0.
 - uncommit_free_chunks: 1.
 - use_allocation_guard: 0.
 - handle_deallocations: 1.


Internal statistics:

num_allocs_failed_limit: 0.
num_arena_births: 78.
num_arena_deaths: 0.
num_vsnodes_births: 3.
num_vsnodes_deaths: 0.
num_space_committed: 209.
num_space_uncommitted: 0.
num_chunks_returned_to_freelist: 0.
num_chunks_taken_from_freelist: 536.
num_chunk_merges: 0.
num_chunk_splits: 375.
num_chunks_enlarged: 291.
num_purges: 0.
num_inconsistent_stats: 0.

CodeHeap 'non-profiled nmethods': size=120064Kb used=1253Kb max_used=1253Kb free=118810Kb
 bounds [0x000001df617f0000, 0x000001df61a60000, 0x000001df68d30000]
CodeHeap 'profiled nmethods': size=120000Kb used=6395Kb max_used=6395Kb free=113604Kb
 bounds [0x000001df5a2c0000, 0x000001df5a900000, 0x000001df617f0000]
CodeHeap 'non-nmethods': size=5696Kb used=1171Kb max_used=1200Kb free=4524Kb
 bounds [0x000001df59d30000, 0x000001df59fa0000, 0x000001df5a2c0000]
 total_blobs=3563 nmethods=3100 adapters=376
 compilation: enabled
              stopped_count=0, restarted_count=0
 full_count=0

Compilation events (20 events):
Event: 5.392 Thread 0x000001df50dc9850 3076       3       org.eclipse.aether.util.graph.transformer.ConflictMarker::toKey (9 bytes)
Event: 5.392 Thread 0x000001df50dc9850 nmethod 3076 0x000001df5a8eb790 code [0x000001df5a8eb940, 0x000001df5a8ebb98]
Event: 5.392 Thread 0x000001df50dc9850 3077       3       java.util.IdentityHashMap$IdentityHashMapIterator::hasNext (50 bytes)
Event: 5.392 Thread 0x000001df50dc9850 nmethod 3077 0x000001df5a8ebc90 code [0x000001df5a8ebe40, 0x000001df5a8ec098]
Event: 5.393 Thread 0x000001df50dc9850 3078       3       java.util.IdentityHashMap::remove (102 bytes)
Event: 5.393 Thread 0x000001df50dc9850 nmethod 3078 0x000001df5a8ec190 code [0x000001df5a8ec3a0, 0x000001df5a8ecbb8]
Event: 5.393 Thread 0x000001df50dc9850 3079       1       org.eclipse.aether.util.graph.transformer.ConflictResolver$ConflictItem::getDepth (5 bytes)
Event: 5.393 Thread 0x000001df50dc9850 nmethod 3079 0x000001df61927f90 code [0x000001df61928120, 0x000001df619281f8]
Event: 5.394 Thread 0x000001df50dc9850 3080       3       org.eclipse.aether.util.graph.transformer.ConflictResolver$State::deriveScope (83 bytes)
Event: 5.394 Thread 0x000001df50dc9850 nmethod 3080 0x000001df5a8ece90 code [0x000001df5a8ed0c0, 0x000001df5a8ed8f8]
Event: 5.394 Thread 0x000001df50dc9850 3081       3       org.eclipse.aether.util.graph.transformer.ConflictResolver$State::deriveOptional (101 bytes)
Event: 5.395 Thread 0x000001df50dc9850 nmethod 3081 0x000001df5a8edc10 code [0x000001df5a8ede40, 0x000001df5a8ee848]
Event: 5.395 Thread 0x000001df50dc9850 3082       3       java.util.HashMap$KeySet::iterator (12 bytes)
Event: 5.395 Thread 0x000001df50dc9850 nmethod 3082 0x000001df5a8eeb10 code [0x000001df5a8eecc0, 0x000001df5a8eef28]
Event: 5.395 Thread 0x000001df50dc9850 3083       3       java.util.IdentityHashMap::closeDeletion (107 bytes)
Event: 5.395 Thread 0x000001df50dc9850 nmethod 3083 0x000001df5a8ef010 code [0x000001df5a8ef240, 0x000001df5a8efe48]
Event: 5.396 Thread 0x000001df50dc9850 3084       1       org.eclipse.aether.util.graph.transformer.ConflictResolver$ConflictContext::getItems (5 bytes)
Event: 5.396 Thread 0x000001df50dc9850 nmethod 3084 0x000001df61928290 code [0x000001df61928420, 0x000001df619284f8]
Event: 5.464 Thread 0x000001df50dc9850 3086       3       java.util.HashMap::clear (50 bytes)
Event: 5.464 Thread 0x000001df50dc9850 nmethod 3086 0x000001df5a8f0110 code [0x000001df5a8f02c0, 0x000001df5a8f0698]

GC Heap History (10 events):
Event: 0.555 GC heap before
{Heap before GC invocations=0 (full 0):
 garbage-first heap   total 65536K, used 6144K [0x00000000c1800000, 0x0000000100000000)
  region size 1024K, 6 young (6144K), 0 survivors (0K)
 Metaspace       used 1889K, committed 2112K, reserved 1056768K
  class space    used 155K, committed 256K, reserved 1048576K
}
Event: 0.561 GC heap after
{Heap after GC invocations=1 (full 0):
 garbage-first heap   total 65536K, used 2144K [0x00000000c1800000, 0x0000000100000000)
  region size 1024K, 1 young (1024K), 1 survivors (1024K)
 Metaspace       used 1889K, committed 2112K, reserved 1056768K
  class space    used 155K, committed 256K, reserved 1048576K
}
Event: 0.896 GC heap before
{Heap before GC invocations=1 (full 0):
 garbage-first heap   total 65536K, used 6240K [0x00000000c1800000, 0x0000000100000000)
  region size 1024K, 6 young (6144K), 1 survivors (1024K)
 Metaspace       used 3051K, committed 3200K, reserved 1056768K
  class space    used 301K, committed 384K, reserved 1048576K
}
Event: 0.903 GC heap after
{Heap after GC invocations=2 (full 0):
 garbage-first heap   total 65536K, used 3143K [0x00000000c1800000, 0x0000000100000000)
  region size 1024K, 1 young (1024K), 1 survivors (1024K)
 Metaspace       used 3051K, committed 3200K, reserved 1056768K
  class space    used 301K, committed 384K, reserved 1048576K
}
Event: 1.199 GC heap before
{Heap before GC invocations=2 (full 0):
 garbage-first heap   total 65536K, used 12359K [0x00000000c1800000, 0x0000000100000000)
  region size 1024K, 10 young (10240K), 1 survivors (1024K)
 Metaspace       used 4684K, committed 4864K, reserved 1056768K
  class space    used 540K, committed 640K, reserved 1048576K
}
Event: 1.203 GC heap after
{Heap after GC invocations=3 (full 0):
 garbage-first heap   total 65536K, used 3727K [0x00000000c1800000, 0x0000000100000000)
  region size 1024K, 2 young (2048K), 2 survivors (2048K)
 Metaspace       used 4684K, committed 4864K, reserved 1056768K
  class space    used 540K, committed 640K, reserved 1048576K
}
Event: 3.445 GC heap before
{Heap before GC invocations=3 (full 0):
 garbage-first heap   total 65536K, used 40591K [0x00000000c1800000, 0x0000000100000000)
  region size 1024K, 38 young (38912K), 2 survivors (2048K)
 Metaspace       used 10602K, committed 10816K, reserved 1064960K
  class space    used 1279K, committed 1408K, reserved 1048576K
}
Event: 3.456 GC heap after
{Heap after GC invocations=4 (full 0):
 garbage-first heap   total 65536K, used 5969K [0x00000000c1800000, 0x0000000100000000)
  region size 1024K, 4 young (4096K), 4 survivors (4096K)
 Metaspace       used 10602K, committed 10816K, reserved 1064960K
  class space    used 1279K, committed 1408K, reserved 1048576K
}
Event: 5.170 GC heap before
{Heap before GC invocations=4 (full 0):
 garbage-first heap   total 65536K, used 40785K [0x00000000c1800000, 0x0000000100000000)
  region size 1024K, 38 young (38912K), 4 survivors (4096K)
 Metaspace       used 12879K, committed 13056K, reserved 1064960K
  class space    used 1473K, committed 1536K, reserved 1048576K
}
Event: 5.183 GC heap after
{Heap after GC invocations=5 (full 0):
 garbage-first heap   total 65536K, used 8170K [0x00000000c1800000, 0x0000000100000000)
  region size 1024K, 5 young (5120K), 5 survivors (5120K)
 Metaspace       used 12879K, committed 13056K, reserved 1064960K
  class space    used 1473K, committed 1536K, reserved 1048576K
}

Deoptimization events (20 events):
Event: 5.307 Thread 0x000001df50ccb210 Uncommon trap: trap_request=0xffffffbe fr.pc=0x000001df619221cc relative=0x0000000000000fec
Event: 5.307 Thread 0x000001df50ccb210 Uncommon trap: reason=profile_predicate action=maybe_recompile pc=0x000001df619221cc method=java.util.concurrent.ConcurrentHashMap.putAll(Ljava/util/Map;)V @ 28 c2
Event: 5.307 Thread 0x000001df50ccb210 DEOPT PACKING pc=0x000001df619221cc sp=0x000000901effccf0
Event: 5.307 Thread 0x000001df50ccb210 DEOPT UNPACKING pc=0x000001df59d8239d sp=0x000000901effccc0 mode 2
Event: 5.308 Thread 0x000001df50ccb210 Uncommon trap: trap_request=0xffffffbe fr.pc=0x000001df619221cc relative=0x0000000000000fec
Event: 5.308 Thread 0x000001df50ccb210 Uncommon trap: reason=profile_predicate action=maybe_recompile pc=0x000001df619221cc method=java.util.concurrent.ConcurrentHashMap.putAll(Ljava/util/Map;)V @ 28 c2
Event: 5.308 Thread 0x000001df50ccb210 DEOPT PACKING pc=0x000001df619221cc sp=0x000000901effccf0
Event: 5.308 Thread 0x000001df50ccb210 DEOPT UNPACKING pc=0x000001df59d8239d sp=0x000000901effccc0 mode 2
Event: 5.308 Thread 0x000001df50ccb210 Uncommon trap: trap_request=0xffffff45 fr.pc=0x000001df61891720 relative=0x0000000000000400
Event: 5.308 Thread 0x000001df50ccb210 Uncommon trap: reason=unstable_if action=reinterpret pc=0x000001df61891720 method=java.lang.String.indexOf(Ljava/lang/String;)I @ 10 c2
Event: 5.308 Thread 0x000001df50ccb210 DEOPT PACKING pc=0x000001df61891720 sp=0x000000901effccf0
Event: 5.308 Thread 0x000001df50ccb210 DEOPT UNPACKING pc=0x000001df59d8239d sp=0x000000901effcc90 mode 2
Event: 5.313 Thread 0x000001df50ccb210 Uncommon trap: trap_request=0xffffffbe fr.pc=0x000001df619221cc relative=0x0000000000000fec
Event: 5.313 Thread 0x000001df50ccb210 Uncommon trap: reason=profile_predicate action=maybe_recompile pc=0x000001df619221cc method=java.util.concurrent.ConcurrentHashMap.putAll(Ljava/util/Map;)V @ 28 c2
Event: 5.313 Thread 0x000001df50ccb210 DEOPT PACKING pc=0x000001df619221cc sp=0x000000901effcce0
Event: 5.313 Thread 0x000001df50ccb210 DEOPT UNPACKING pc=0x000001df59d8239d sp=0x000000901effccb0 mode 2
Event: 5.315 Thread 0x000001df50ccb210 Uncommon trap: trap_request=0xffffffbe fr.pc=0x000001df619221cc relative=0x0000000000000fec
Event: 5.315 Thread 0x000001df50ccb210 Uncommon trap: reason=profile_predicate action=maybe_recompile pc=0x000001df619221cc method=java.util.concurrent.ConcurrentHashMap.putAll(Ljava/util/Map;)V @ 28 c2
Event: 5.315 Thread 0x000001df50ccb210 DEOPT PACKING pc=0x000001df619221cc sp=0x000000901effca90
Event: 5.315 Thread 0x000001df50ccb210 DEOPT UNPACKING pc=0x000001df59d8239d sp=0x000000901effca60 mode 2

Classes unloaded (0 events):
No events

Classes redefined (0 events):
No events

Internal exceptions (8 events):
Event: 1.031 Thread 0x000001df50ccb210 Exception <a 'java/lang/NoSuchMethodError'{0x00000000c54321d8}: 'java.lang.Object java.lang.invoke.DirectMethodHandle$Holder.newInvokeSpecial(java.lang.Object, java.lang.Object, java.lang.Object, java.lang.Object, java.lang.Object)'> (0x00000000c54321d8) 
thrown [s\open\src\hotspot\share\interpreter\linkResolver.cpp, line 759]
Event: 3.250 Thread 0x000001df50ccb210 Exception <a 'java/lang/NoClassDefFoundError'{0x00000000c3697dd8}: com/google/inject/servlet/ServletModuleTargetVisitor> (0x00000000c3697dd8) 
thrown [s\open\src\hotspot\share\classfile\systemDictionary.cpp, line 245]
Event: 3.250 Thread 0x000001df50ccb210 Exception <a 'java/lang/NoClassDefFoundError'{0x00000000c3699bb0}: javax/annotation/Priority> (0x00000000c3699bb0) 
thrown [s\open\src\hotspot\share\classfile\systemDictionary.cpp, line 245]
Event: 3.382 Thread 0x000001df50ccb210 Exception <a 'java/lang/NoSuchMethodError'{0x00000000c34f5798}: 'java.lang.Object java.lang.invoke.DirectMethodHandle$Holder.invokeStaticInit(java.lang.Object, int, int, int, int)'> (0x00000000c34f5798) 
thrown [s\open\src\hotspot\share\interpreter\linkResolver.cpp, line 759]
Event: 4.216 Thread 0x000001df50ccb210 Implicit null exception at 0x000001df6185b058 to 0x000001df6185b0ee
Event: 4.216 Thread 0x000001df50ccb210 Implicit null exception at 0x000001df6187146a to 0x000001df6187176c
Event: 4.216 Thread 0x000001df50ccb210 Implicit null exception at 0x000001df61863b0f to 0x000001df61863b89
Event: 4.691 Thread 0x000001df50ccb210 Implicit null exception at 0x000001df61872dea to 0x000001df61872fa4

VM Operations (20 events):
Event: 3.106 Executing VM operation: HandshakeAllThreads
Event: 3.106 Executing VM operation: HandshakeAllThreads done
Event: 3.107 Executing VM operation: HandshakeAllThreads
Event: 3.107 Executing VM operation: HandshakeAllThreads done
Event: 3.223 Executing VM operation: HandshakeAllThreads
Event: 3.223 Executing VM operation: HandshakeAllThreads done
Event: 3.223 Executing VM operation: Cleanup
Event: 3.223 Executing VM operation: Cleanup done
Event: 3.353 Executing VM operation: HandshakeAllThreads
Event: 3.353 Executing VM operation: HandshakeAllThreads done
Event: 3.398 Executing VM operation: HandshakeAllThreads
Event: 3.398 Executing VM operation: HandshakeAllThreads done
Event: 3.445 Executing VM operation: G1CollectForAllocation
Event: 3.456 Executing VM operation: G1CollectForAllocation done
Event: 4.461 Executing VM operation: Cleanup
Event: 4.461 Executing VM operation: Cleanup done
Event: 5.160 Executing VM operation: ICBufferFull
Event: 5.160 Executing VM operation: ICBufferFull done
Event: 5.170 Executing VM operation: G1CollectForAllocation
Event: 5.183 Executing VM operation: G1CollectForAllocation done

Events (20 events):
Event: 4.047 loading class sun/nio/ch/FileLockImpl
Event: 4.047 loading class java/nio/channels/FileLock
Event: 4.047 loading class java/nio/channels/FileLock done
Event: 4.047 loading class sun/nio/ch/FileLockImpl done
Event: 4.047 loading class sun/nio/ch/NativeThread
Event: 4.047 loading class sun/nio/ch/NativeThread done
Event: 4.047 loading class sun/nio/ch/FileLockTable
Event: 4.048 loading class sun/nio/ch/FileLockTable done
Event: 4.048 loading class sun/nio/ch/FileKey
Event: 4.048 loading class sun/nio/ch/FileKey done
Event: 4.048 loading class sun/nio/ch/FileLockTable$FileLockReference
Event: 4.048 loading class sun/nio/ch/FileLockTable$FileLockReference done
Event: 4.048 loading class java/nio/channels/spi/AbstractInterruptibleChannel$1
Event: 4.048 loading class sun/nio/ch/Interruptible
Event: 4.049 loading class sun/nio/ch/Interruptible done
Event: 4.049 loading class java/nio/channels/spi/AbstractInterruptibleChannel$1 done
Event: 4.078 loading class java/util/Formatter$FixedString
Event: 4.080 loading class java/util/Formatter$FixedString done
Event: 4.310 loading class sun/nio/cs/ISO_8859_1$Decoder
Event: 4.310 loading class sun/nio/cs/ISO_8859_1$Decoder done


Dynamic libraries:
0x00007ff61c3b0000 - 0x00007ff61c3c0000 	C:\Program Files\Java\jdk-17.0.4.1\bin\java.exe
0x00007ffd80810000 - 0x00007ffd80a08000 	C:\Windows\SYSTEM32\ntdll.dll
0x00007ffd7ef50000 - 0x00007ffd7f00d000 	C:\Windows\System32\KERNEL32.DLL
0x00007ffd7df60000 - 0x00007ffd7e22e000 	C:\Windows\System32\KERNELBASE.dll
0x00007ffd7e6e0000 - 0x00007ffd7e7e0000 	C:\Windows\System32\ucrtbase.dll
0x00007ffd74530000 - 0x00007ffd74548000 	C:\Program Files\Java\jdk-17.0.4.1\bin\jli.dll
0x00007ffd7fa50000 - 0x00007ffd7fafe000 	C:\Windows\System32\ADVAPI32.dll
0x00007ffd7ebd0000 - 0x00007ffd7ec6e000 	C:\Windows\System32\msvcrt.dll
0x00007ffd7f950000 - 0x00007ffd7f9ec000 	C:\Windows\System32\sechost.dll
0x00007ffd7fd10000 - 0x00007ffd7fe35000 	C:\Windows\System32\RPCRT4.dll
0x00007ffd79a40000 - 0x00007ffd79a5a000 	C:\Program Files\Java\jdk-17.0.4.1\bin\VCRUNTIME140.dll
0x00007ffd7f2b0000 - 0x00007ffd7f450000 	C:\Windows\System32\USER32.dll
0x00007ffd7df30000 - 0x00007ffd7df52000 	C:\Windows\System32\win32u.dll
0x00007ffd7f160000 - 0x00007ffd7f18a000 	C:\Windows\System32\GDI32.dll
0x00007ffd7e2d0000 - 0x00007ffd7e3db000 	C:\Windows\System32\gdi32full.dll
0x00007ffd7e3e0000 - 0x00007ffd7e47d000 	C:\Windows\System32\msvcp_win.dll
0x00007ffd722e0000 - 0x00007ffd722ea000 	C:\Windows\SYSTEM32\VERSION.dll
0x00007ffd72d60000 - 0x00007ffd72ffa000 	C:\Windows\WinSxS\amd64_microsoft.windows.common-controls_6595b64144ccf1df_6.0.19041.1110_none_60b5254171f9507e\COMCTL32.dll
0x00007ffd80740000 - 0x00007ffd80770000 	C:\Windows\System32\IMM32.DLL
0x00007ffd79780000 - 0x00007ffd7978c000 	C:\Program Files\Java\jdk-17.0.4.1\bin\vcruntime140_1.dll
0x00007ffd6aa20000 - 0x00007ffd6aaad000 	C:\Program Files\Java\jdk-17.0.4.1\bin\msvcp140.dll
0x00007ffd423e0000 - 0x00007ffd42fa2000 	C:\Program Files\Java\jdk-17.0.4.1\bin\server\jvm.dll
0x00007ffd7f2a0000 - 0x00007ffd7f2a8000 	C:\Windows\System32\PSAPI.DLL
0x00007ffd79a60000 - 0x00007ffd79a69000 	C:\Windows\SYSTEM32\WSOCK32.dll
0x00007ffd7ec70000 - 0x00007ffd7ecdb000 	C:\Windows\System32\WS2_32.dll
0x00007ffd6e750000 - 0x00007ffd6e777000 	C:\Windows\SYSTEM32\WINMM.dll
0x00007ffd7bd70000 - 0x00007ffd7bd82000 	C:\Windows\SYSTEM32\kernel.appcore.dll
0x00007ffd79770000 - 0x00007ffd7977a000 	C:\Program Files\Java\jdk-17.0.4.1\bin\jimage.dll
0x00007ffd713b0000 - 0x00007ffd71594000 	C:\Windows\SYSTEM32\DBGHELP.DLL
0x00007ffd70be0000 - 0x00007ffd70c0c000 	C:\Windows\SYSTEM32\dbgcore.DLL
0x00007ffd7e7e0000 - 0x00007ffd7e862000 	C:\Windows\System32\bcryptPrimitives.dll
0x00007ffd744c0000 - 0x00007ffd744e5000 	C:\Program Files\Java\jdk-17.0.4.1\bin\java.dll
0x00007ffd743e0000 - 0x00007ffd744b6000 	C:\Program Files\Java\jdk-17.0.4.1\bin\jsvml.dll
0x00007ffd7fff0000 - 0x00007ffd80734000 	C:\Windows\System32\SHELL32.dll
0x00007ffd7c050000 - 0x00007ffd7c7e4000 	C:\Windows\SYSTEM32\windows.storage.dll
0x00007ffd7e870000 - 0x00007ffd7ebc4000 	C:\Windows\System32\combase.dll
0x00007ffd7d8c0000 - 0x00007ffd7d8f0000 	C:\Windows\SYSTEM32\Wldp.dll
0x00007ffd7fb00000 - 0x00007ffd7fbad000 	C:\Windows\System32\SHCORE.dll
0x00007ffd7edd0000 - 0x00007ffd7ee25000 	C:\Windows\System32\shlwapi.dll
0x00007ffd7de70000 - 0x00007ffd7de8f000 	C:\Windows\SYSTEM32\profapi.dll
0x00007ffd776a0000 - 0x00007ffd776b9000 	C:\Program Files\Java\jdk-17.0.4.1\bin\net.dll
0x00007ffd752e0000 - 0x00007ffd753ea000 	C:\Windows\SYSTEM32\WINHTTP.dll
0x00007ffd7d620000 - 0x00007ffd7d68a000 	C:\Windows\system32\mswsock.dll
0x00007ffd743c0000 - 0x00007ffd743d6000 	C:\Program Files\Java\jdk-17.0.4.1\bin\nio.dll
0x00007ffd743a0000 - 0x00007ffd743b8000 	C:\Program Files\Java\jdk-17.0.4.1\bin\zip.dll
0x00007ffd76bd0000 - 0x00007ffd76be0000 	C:\Program Files\Java\jdk-17.0.4.1\bin\verify.dll
0x00007ffd74200000 - 0x00007ffd7420a000 	C:\Program Files\netbeans\java\maven\lib\jansi-native\windows64\jansi.dll

dbghelp: loaded successfully - version: 4.0.5 - missing functions: none
symbol engine: initialized successfully - sym options: 0x614 - pdb path: .;C:\Program Files\Java\jdk-17.0.4.1\bin;C:\Windows\SYSTEM32;C:\Windows\WinSxS\amd64_microsoft.windows.common-controls_6595b64144ccf1df_6.0.19041.1110_none_60b5254171f9507e;C:\Program Files\Java\jdk-17.0.4.1\bin\server;C:\Program Files\netbeans\java\maven\lib\jansi-native\windows64

VM Arguments:
jvm_args: -Dclassworlds.conf=C:\Program Files\netbeans\java\maven\bin\..\bin\m2.conf -Dmaven.home=C:\Program Files\netbeans\java\maven\bin\.. -Dlibrary.jansi.path=C:\Program Files\netbeans\java\maven\bin\..\lib\jansi-native -Dmaven.multiModuleProjectDirectory=C:\Users\chabd\OneDrive\Documents\NetBeansProjects\WorkingProj 
java_command: org.codehaus.plexus.classworlds.launcher.Launcher -Dexec.vmArgs= -Dexec.args=${exec.vmArgs} -classpath %classpath ${exec.mainClass} ${exec.appArgs} -Dexec.executable=C:\Program Files\Java\jdk-17.0.4.1\bin\java.exe -Dexec.mainClass=GUI.SelectAdminFields -Dexec.classpathScope=runtime -Dexec.appArgs= -Dmaven.ext.class.path=C:\Program Files\netbeans\java\maven-nblib\netbeans-eventspy.jar -Dfile.encoding=UTF-8 org.codehaus.mojo:exec-maven-plugin:3.0.0:exec
java_class_path (initial): C:\Program Files\netbeans\java\maven\bin\..\boot\plexus-classworlds-2.6.0.jar
Launcher Type: SUN_STANDARD

[Global flags]
     intx CICompilerCount                          = 2                                         {product} {ergonomic}
     uint ConcGCThreads                            = 1                                         {product} {ergonomic}
     uint G1ConcRefinementThreads                  = 2                                         {product} {ergonomic}
   size_t G1HeapRegionSize                         = 1048576                                   {product} {ergonomic}
    uintx GCDrainStackTargetSize                   = 64                                        {product} {ergonomic}
   size_t InitialHeapSize                          = 67108864                                  {product} {ergonomic}
   size_t MarkStackSize                            = 4194304                                   {product} {ergonomic}
   size_t MaxHeapSize                              = 1048576000                                {product} {ergonomic}
   size_t MaxNewSize                               = 629145600                                 {product} {ergonomic}
   size_t MinHeapDeltaBytes                        = 1048576                                   {product} {ergonomic}
   size_t MinHeapSize                              = 8388608                                   {product} {ergonomic}
    uintx NonNMethodCodeHeapSize                   = 5826188                                {pd product} {ergonomic}
    uintx NonProfiledCodeHeapSize                  = 122916026                              {pd product} {ergonomic}
    uintx ProfiledCodeHeapSize                     = 122916026                              {pd product} {ergonomic}
    uintx ReservedCodeCacheSize                    = 251658240                              {pd product} {ergonomic}
     bool SegmentedCodeCache                       = true                                      {product} {ergonomic}
   size_t SoftMaxHeapSize                          = 1048576000                             {manageable} {ergonomic}
     bool UseCompressedClassPointers               = true                           {product lp64_product} {ergonomic}
     bool UseCompressedOops                        = true                           {product lp64_product} {ergonomic}
     bool UseG1GC                                  = true                                      {product} {ergonomic}
     bool UseLargePagesIndividualAllocation        = false                                  {pd product} {ergonomic}

Logging:
Log output configuration:
 #0: stdout all=warning uptime,level,tags
 #1: stderr all=off uptime,level,tags

Environment Variables:
JAVA_HOME=C:\Program Files\Java\jdk-17.0.4.1
PATH=C:\Program Files\Common Files\Oracle\Java\javapath;C:\Python310\Scripts\;C:\Python310\;C:\Windows\system32;C:\Windows;C:\Windows\System32\Wbem;C:\Windows\System32\WindowsPowerShell\v1.0\;C:\Windows\System32\OpenSSH\;C:\Program Files\nodejs\;C:\Program Files\dotnet\;C:\Program Files\Microsoft SQL Server\150\Tools\Binn\;C:\Program Files\Microsoft SQL Server\Client SDK\ODBC\170\Tools\Binn\;C:\Program Files (x86)\Microsoft SQL Server\150\DTS\Binn\;C:\Program Files\Java\jdk-17.0.4.1\bin;C:\Program Files\apache-maven-3.8.6\bin;C:\Users\chabd\AppData\Local\Microsoft\WindowsApps;C:\Users\chabd\AppData\Local\Programs\Microsoft VS Code\bin;C:\Users\chabd\AppData\Roaming\npm;C:\Users\chabd\.dotnet\tools;C:\Program Files\Azure Data Studio\bin;
USERNAME=chabd
OS=Windows_NT
PROCESSOR_IDENTIFIER=Intel64 Family 6 Model 23 Stepping 10, GenuineIntel



---------------  S Y S T E M  ---------------

OS:
 Windows 10 , 64 bit Build 19041 (10.0.19041.1889)
OS uptime: 3 days 8:06 hours

CPU: total 2 (initial active 2) (2 cores per cpu, 1 threads per core) family 6 model 23 stepping 10 microcode 0xa0c, cx8, cmov, fxsr, mmx, sse, sse2, sse3, ssse3, sse4.1, tsc, clflush

Memory: 4k page, system-wide physical 3995M (96M free)
TotalPageFile size 16283M (AvailPageFile size 5M)
current process WorkingSet (physical memory assigned to process): 115M, peak: 115M
current process commit charge ("private bytes"): 166M, peak: 166M

vm_info: Java HotSpot(TM) 64-Bit Server VM (17.0.4.1+1-LTS-2) for windows-amd64 JRE (17.0.4.1+1-LTS-2), built on Aug 16 2022 18:32:06 by "mach5one" with MS VC++ 16.8 / 16.9 (VS2019)

END.
